Build started 13/03/2014 1:05:53 PM.
     1>Project "C:\Users\userone\Documents\GitHub\SDLgraphics000\SDLgraphics000\SDLgraphics000\SDLgraphics000.vcxproj" on node 2 (build target(s)).
     1>PrepareForBuild:
         Creating directory "C:\Users\userone\Documents\GitHub\SDLgraphics000\SDLgraphics000\Debug\".
       InitializeBuildStatus:
         Creating "Debug\SDLgraphics000.unsuccessfulbuild" because "AlwaysCreate" was specified.
       ClCompile:
         C:\Program Files (x86)\Microsoft Visual Studio 10.0\VC\bin\CL.exe /c /ZI /nologo /W3 /WX- /Od /Oy- /D _MBCS /Gm /EHsc /RTC1 /MDd /GS /fp:precise /Zc:wchar_t /Zc:forScope /Fo"Debug\\" /Fd"Debug\vc100.pdb" /Gd /TP /analyze- /errorReport:prompt main.cpp
         main.cpp
       Link:
         C:\Program Files (x86)\Microsoft Visual Studio 10.0\VC\bin\link.exe /ERRORREPORT:PROMPT /OUT:"C:\Users\userone\Documents\GitHub\SDLgraphics000\SDLgraphics000\Debug\SDLgraphics000.exe" /NOLOGO SDL.lib SDLmain.lib kernel32.lib user32.lib gdi32.lib winspool.lib comdlg32.lib advapi32.lib shell32.lib ole32.lib oleaut32.lib uuid.lib odbc32.lib odbccp32.lib /MANIFEST /ManifestFile:"Debug\SDLgraphics000.exe.intermediate.manifest" /MANIFESTUAC:"level='asInvoker' uiAccess='false'" /DEBUG /PDB:"C:\Users\userone\Documents\GitHub\SDLgraphics000\SDLgraphics000\Debug\SDLgraphics000.pdb" /SUBSYSTEM:WINDOWS /TLBID:1 /DYNAMICBASE /NXCOMPAT /IMPLIB:"C:\Users\userone\Documents\GitHub\SDLgraphics000\SDLgraphics000\Debug\SDLgraphics000.lib" /MACHINE:X86 Debug\main.obj
     1>MSVCRTD.lib(cinitexe.obj) : warning LNK4098: defaultlib 'msvcrt.lib' conflicts with use of other libs; use /NODEFAULTLIB:library
         SDLgraphics000.vcxproj -> C:\Users\userone\Documents\GitHub\SDLgraphics000\SDLgraphics000\Debug\SDLgraphics000.exe
       Manifest:
         C:\Program Files (x86)\Microsoft SDKs\Windows\v7.0A\bin\mt.exe /nologo /verbose /outputresource:"C:\Users\userone\Documents\GitHub\SDLgraphics000\SDLgraphics000\Debug\SDLgraphics000.exe;#1" /manifest Debug\SDLgraphics000.exe.intermediate.manifest
       FinalizeBuildStatus:
         Deleting file "Debug\SDLgraphics000.unsuccessfulbuild".
         Touching "Debug\SDLgraphics000.lastbuildstate".
     1>Done Building Project "C:\Users\userone\Documents\GitHub\SDLgraphics000\SDLgraphics000\SDLgraphics000\SDLgraphics000.vcxproj" (build target(s)).

Build succeeded.

Time Elapsed 00:00:03.88
